#
# A fatal error has been detected by the Java Runtime Environment:
#
#  EXCEPTION_ACCESS_VIOLATION (0xc0000005) at pc=0x00000000745c50f8, pid=2384, tid=0x0000000000000444
#
# JRE version: Java(TM) SE Runtime Environment (8.0_131-b11) (build 1.8.0_131-b11)
# Java VM: Java HotSpot(TM) 64-Bit Server VM (25.131-b11 mixed mode windows-amd64 compressed oops)
# Problematic frame:
# V  [jvm.dll+0x1150f8]
#
# Failed to write core dump. Minidumps are not enabled by default on client versions of Windows
#
# If you would like to submit a bug report, please visit:
#   http://bugreport.java.com/bugreport/crash.jsp
#

---------------  T H R E A D  ---------------

Current thread (0x0000000001d61800):  GCTaskThread [stack: 0x0000000011e60000,0x0000000011f60000] [id=1092]

siginfo: ExceptionCode=0xc0000005, reading address 0xffffffffffffffff

Registers:
RAX=0x0000000012250000, RBX=0x0000000000000020, RCX=0x0000000000000000, RDX=0x0000000000000004
RSP=0x0000000011f5f310, RBP=0x00000000a8c828f0, RSI=0x0000000000000003, RDI=0x00000000559ea380
R8 =0x007fffffffabd000, R9 =0x0000000000000003, R10=0x000000000000000c, R11=0x00000000000007b8
R12=0x00000000a8c82910, R13=0x0000000015241f38, R14=0x0000000015241f40, R15=0x00000000a8c828b0
RIP=0x00000000745c50f8, EFLAGS=0x0000000000010202

Top of Stack: (sp=0x0000000011f5f310)
0x0000000011f5f310:   00000000a8c82928 00000000a8c828e0
0x0000000011f5f320:   0000000000000003 00000000559ea380
0x0000000011f5f330:   0000000000000000 00000000000003d8
0x0000000011f5f340:   0000000001d620a8 0000000001d5c5b0
0x0000000011f5f350:   00000000000007b7 00000000748a8160
0x0000000011f5f360:   0000000056143e00 00000000559554a0
0x0000000011f5f370:   00000000559ea380 0000000001d61cd0
0x0000000011f5f380:   0000000000000000 0000000000000c00
0x0000000011f5f390:   0000000000000000 0000000000000000
0x0000000011f5f3a0:   0000000000000000 0000000059d95800
0x0000000011f5f3b0:   0000000000000001 0000000059cb0701
0x0000000011f5f3c0:   0000f2b73c77de15 0000000001d620a8
0x0000000011f5f3d0:   0000000001d61cd0 00000000000003d8
0x0000000011f5f3e0:   0000000001d61cd0 0000000001d5c5b0
0x0000000011f5f3f0:   0000000001d61cc0 00000000559554a0
0x0000000011f5f400:   00000000559ea380 00000000748a51e3 

Instructions: (pc=0x00000000745c50f8)
0x00000000745c50d8:   05 43 76 70 00 49 c1 e8 03 49 d3 e8 41 0f b6 c0
0x00000000745c50e8:   49 c1 e8 06 24 3f 0f b6 d0 48 8b 05 58 76 70 00
0x00000000745c50f8:   4a 8b 0c c0 48 0f a3 d1 0f 82 59 01 00 00 0f b6
0x00000000745c5108:   15 a4 82 6f 00 84 d2 74 16 44 8b 43 08 8b 0d 8d 


Register to memory mapping:

RAX=0x0000000012250000 is an unknown value
RBX=0x0000000000000020 is an unknown value
RCX=0x0000000000000000 is an unknown value
RDX=0x0000000000000004 is an unknown value
RSP=0x0000000011f5f310 is an unknown value
RBP=0x00000000a8c828f0 is pointing into object: 0x00000000a8c828b0
org.springframework.beans.GenericTypeAwarePropertyDescriptor 
 - klass: 'org/springframework/beans/GenericTypeAwarePropertyDescriptor'
RSI=0x0000000000000003 is an unknown value
RDI=0x00000000559ea380 is an unknown value
R8 =0x007fffffffabd000 is an unknown value
R9 =0x0000000000000003 is an unknown value
R10=0x000000000000000c is an unknown value
R11=0x00000000000007b8 is an unknown value
R12=0x00000000a8c82910 is an oop
java.beans.MethodRef 
 - klass: 'java/beans/MethodRef'
R13=0x0000000015241f38 is pointing into metadata
R14=0x0000000015241f40 is pointing into metadata
R15=0x00000000a8c828b0 is an oop
org.springframework.beans.GenericTypeAwarePropertyDescriptor 
 - klass: 'org/springframework/beans/GenericTypeAwarePropertyDescriptor'


Stack: [0x0000000011e60000,0x0000000011f60000],  sp=0x0000000011f5f310,  free space=1020k
Native frames: (J=compiled Java code, j=interpreted, Vv=VM code, C=native code)
V  [jvm.dll+0x1150f8]
V  [jvm.dll+0x3f8160]
V  [jvm.dll+0x3f51e3]
V  [jvm.dll+0x3f302e]
V  [jvm.dll+0x29cc1a]
C  [msvcr100.dll+0x21d9f]
C  [msvcr100.dll+0x21e3b]
C  [kernel32.dll+0x1652d]
C  [ntdll.dll+0x2c521]


---------------  P R O C E S S  ---------------

Java Threads: ( => current thread )
  0x0000000059d95800 JavaThread "background-preinit" [_thread_blocked, id=2388, stack(0x000000005a6e0000,0x000000005a7e0000)]
  0x000000005869b800 JavaThread "RMI TCP Accept-0" daemon [_thread_in_native, id=280, stack(0x0000000058e20000,0x0000000058f20000)]
  0x0000000058620000 JavaThread "RMI TCP Accept-52527" daemon [_thread_in_native, id=2316, stack(0x0000000058b90000,0x0000000058c90000)]
  0x000000005863f800 JavaThread "RMI TCP Accept-0" daemon [_thread_in_native, id=2496, stack(0x0000000057fc0000,0x00000000580c0000)]
  0x0000000056ee2800 JavaThread "Service Thread" daemon [_thread_blocked, id=208, stack(0x0000000058210000,0x0000000058310000)]
  0x0000000056e72000 JavaThread "C1 CompilerThread2" daemon [_thread_blocked, id=3840, stack(0x00000000580d0000,0x00000000581d0000)]
  0x0000000056e6e800 JavaThread "C2 CompilerThread1" daemon [_thread_blocked, id=2692, stack(0x0000000057700000,0x0000000057800000)]
  0x0000000056e68000 JavaThread "C2 CompilerThread0" daemon [_thread_blocked, id=3456, stack(0x0000000057ec0000,0x0000000057fc0000)]
  0x0000000056e56000 JavaThread "JDWP Command Reader" daemon [_thread_in_native, id=3468, stack(0x0000000057b80000,0x0000000057c80000)]
  0x0000000056e51000 JavaThread "JDWP Event Helper Thread" daemon [_thread_blocked, id=3796, stack(0x0000000057da0000,0x0000000057ea0000)]
  0x0000000056e4b000 JavaThread "JDWP Transport Listener: dt_socket" daemon [_thread_blocked, id=1252, stack(0x0000000057910000,0x0000000057a10000)]
  0x0000000056e41000 JavaThread "Attach Listener" daemon [_thread_blocked, id=3360, stack(0x0000000057490000,0x0000000057590000)]
  0x0000000056e40800 JavaThread "Signal Dispatcher" daemon [_thread_blocked, id=736, stack(0x0000000057310000,0x0000000057410000)]
  0x0000000055abd000 JavaThread "Finalizer" daemon [_thread_blocked, id=908, stack(0x0000000056d40000,0x0000000056e40000)]
  0x0000000055a75800 JavaThread "Reference Handler" daemon [_thread_blocked, id=1152, stack(0x0000000056ae0000,0x0000000056be0000)]
  0x0000000001d4b000 JavaThread "main" [_thread_blocked, id=4052, stack(0x0000000002190000,0x0000000002290000)]

Other Threads:
  0x0000000055a6e000 VMThread [stack: 0x0000000056c30000,0x0000000056d30000] [id=2488]
  0x000000005869d800 WatcherThread [stack: 0x0000000058d00000,0x0000000058e00000] [id=3920]

=>0x0000000001d61800 (exited) GCTaskThread [stack: 0x0000000011e60000,0x0000000011f60000] [id=1092]

VM state:at safepoint (normal execution)

VM Mutex/Monitor currently owned by a thread:  ([mutex/lock_event])
[0x0000000001d49980] Threads_lock - owner thread: 0x0000000055a6e000
[0x0000000001d49e80] Heap_lock - owner thread: 0x0000000059d95800

Heap:
 PSYoungGen      total 48640K, used 3568K [0x00000000e2d00000, 0x00000000e6000000, 0x0000000100000000)
  eden space 45056K, 0% used [0x00000000e2d00000,0x00000000e2d00000,0x00000000e5900000)
  from space 3584K, 99% used [0x00000000e5c80000,0x00000000e5ffc010,0x00000000e6000000)
  to   space 3584K, 0% used [0x00000000e5900000,0x00000000e5900000,0x00000000e5c80000)
 ParOldGen       total 60416K, used 8527K [0x00000000a8600000, 0x00000000ac100000, 0x00000000e2d00000)
  object space 60416K, 14% used [0x00000000a8600000,0x00000000a8e53fe8,0x00000000ac100000)
 Metaspace       used 20827K, capacity 21056K, committed 21296K, reserved 1069056K
  class space    used 2488K, capacity 2561K, committed 2688K, reserved 1048576K

Card table byte_map: [0x0000000011920000,0x0000000011be0000] byte_map_base: 0x00000000113dd000

Marking Bits: (ParMarkBitMap*) 0x0000000074ccc720
 Begin Bits: [0x0000000012250000, 0x0000000013838000)
 End Bits:   [0x0000000013838000, 0x0000000014e20000)

Polling page: 0x0000000000100000

CodeCache: size=245760Kb used=5416Kb max_used=5416Kb free=240343Kb
 bounds [0x0000000002560000, 0x0000000002ab0000, 0x0000000011560000]
 total_blobs=1860 nmethods=1485 adapters=295
 compilation: enabled

Compilation events (10 events):
Event: 6.677 Thread 0x0000000056e72000 1494       3       java.util.RegularEnumSet::add (40 bytes)
Event: 6.678 Thread 0x0000000056e72000 nmethod 1494 0x0000000002aab690 code [0x0000000002aab800, 0x0000000002aabb28]
Event: 6.678 Thread 0x0000000056e72000 1495       3       java.util.EnumSet::typeCheck (59 bytes)
Event: 6.682 Thread 0x0000000056e72000 nmethod 1495 0x0000000002aabc10 code [0x0000000002aabe60, 0x0000000002aacd78]
Event: 6.682 Thread 0x0000000056e72000 1496       1       org.springframework.util.ConcurrentReferenceHashMap$Segment::access$300 (5 bytes)
Event: 6.682 Thread 0x0000000056e72000 nmethod 1496 0x0000000002aa4990 code [0x0000000002aa4ae0, 0x0000000002aa4bd0]
Event: 6.682 Thread 0x0000000056e72000 1497       1       org.springframework.util.ConcurrentReferenceHashMap::access$700 (5 bytes)
Event: 6.682 Thread 0x0000000056e72000 nmethod 1497 0x0000000002aad490 code [0x0000000002aad5e0, 0x0000000002aad6d0]
Event: 6.682 Thread 0x0000000056e72000 1498       1       org.springframework.util.ConcurrentReferenceHashMap$Segment::access$400 (5 bytes)
Event: 6.683 Thread 0x0000000056e72000 nmethod 1498 0x0000000002aad750 code [0x0000000002aad8a0, 0x0000000002aad990]

GC Heap History (9 events):
Event: 2.814 GC heap before
{Heap before GC invocations=1 (full 0):
 PSYoungGen      total 26112K, used 22528K [0x00000000e2d00000, 0x00000000e4a00000, 0x0000000100000000)
  eden space 22528K, 100% used [0x00000000e2d00000,0x00000000e4300000,0x00000000e4300000)
  from space 3584K, 0% used [0x00000000e4680000,0x00000000e4680000,0x00000000e4a00000)
  to   space 3584K, 0% used [0x00000000e4300000,0x00000000e4300000,0x00000000e4680000)
 ParOldGen       total 60416K, used 0K [0x00000000a8600000, 0x00000000ac100000, 0x00000000e2d00000)
  object space 60416K, 0% used [0x00000000a8600000,0x00000000a8600000,0x00000000ac100000)
 Metaspace       used 10831K, capacity 11104K, committed 11392K, reserved 1058816K
  class space    used 1290K, capacity 1354K, committed 1408K, reserved 1048576K
Event: 2.829 GC heap after
Heap after GC invocations=1 (full 0):
 PSYoungGen      total 26112K, used 3565K [0x00000000e2d00000, 0x00000000e4a00000, 0x0000000100000000)
  eden space 22528K, 0% used [0x00000000e2d00000,0x00000000e2d00000,0x00000000e4300000)
  from space 3584K, 99% used [0x00000000e4300000,0x00000000e467b5f8,0x00000000e4680000)
  to   space 3584K, 0% used [0x00000000e4680000,0x00000000e4680000,0x00000000e4a00000)
 ParOldGen       total 60416K, used 353K [0x00000000a8600000, 0x00000000ac100000, 0x00000000e2d00000)
  object space 60416K, 0% used [0x00000000a8600000,0x00000000a8658430,0x00000000ac100000)
 Metaspace       used 10831K, capacity 11104K, committed 11392K, reserved 1058816K
  class space    used 1290K, capacity 1354K, committed 1408K, reserved 1048576K
}
Event: 3.993 GC heap before
{Heap before GC invocations=2 (full 0):
 PSYoungGen      total 26112K, used 26093K [0x00000000e2d00000, 0x00000000e4a00000, 0x0000000100000000)
  eden space 22528K, 100% used [0x00000000e2d00000,0x00000000e4300000,0x00000000e4300000)
  from space 3584K, 99% used [0x00000000e4300000,0x00000000e467b5f8,0x00000000e4680000)
  to   space 3584K, 0% used [0x00000000e4680000,0x00000000e4680000,0x00000000e4a00000)
 ParOldGen       total 60416K, used 353K [0x00000000a8600000, 0x00000000ac100000, 0x00000000e2d00000)
  object space 60416K, 0% used [0x00000000a8600000,0x00000000a8658430,0x00000000ac100000)
 Metaspace       used 14064K, capacity 14304K, committed 14720K, reserved 1062912K
  class space    used 1717K, capacity 1802K, committed 1920K, reserved 1048576K
Event: 4.015 GC heap after
Heap after GC invocations=2 (full 0):
 PSYoungGen      total 26112K, used 3570K [0x00000000e2d00000, 0x00000000e6000000, 0x0000000100000000)
  eden space 22528K, 0% used [0x00000000e2d00000,0x00000000e2d00000,0x00000000e4300000)
  from space 3584K, 99% used [0x00000000e4680000,0x00000000e49fcbf0,0x00000000e4a00000)
  to   space 3584K, 0% used [0x00000000e4300000,0x00000000e4300000,0x00000000e4680000)
 ParOldGen       total 60416K, used 2183K [0x00000000a8600000, 0x00000000ac100000, 0x00000000e2d00000)
  object space 60416K, 3% used [0x00000000a8600000,0x00000000a8821cc8,0x00000000ac100000)
 Metaspace       used 14064K, capacity 14304K, committed 14720K, reserved 1062912K
  class space    used 1717K, capacity 1802K, committed 1920K, reserved 1048576K
}
Event: 4.765 GC heap before
{Heap before GC invocations=3 (full 0):
 PSYoungGen      total 26112K, used 26098K [0x00000000e2d00000, 0x00000000e6000000, 0x0000000100000000)
  eden space 22528K, 100% used [0x00000000e2d00000,0x00000000e4300000,0x00000000e4300000)
  from space 3584K, 99% used [0x00000000e4680000,0x00000000e49fcbf0,0x00000000e4a00000)
  to   space 3584K, 0% used [0x00000000e4300000,0x00000000e4300000,0x00000000e4680000)
 ParOldGen       total 60416K, used 2183K [0x00000000a8600000, 0x00000000ac100000, 0x00000000e2d00000)
  object space 60416K, 3% used [0x00000000a8600000,0x00000000a8821cc8,0x00000000ac100000)
 Metaspace       used 17565K, capacity 17824K, committed 18176K, reserved 1064960K
  class space    used 2114K, capacity 2186K, committed 2304K, reserved 1048576K
Event: 4.789 GC heap after
Heap after GC invocations=3 (full 0):
 PSYoungGen      total 26112K, used 3568K [0x00000000e2d00000, 0x00000000e6000000, 0x0000000100000000)
  eden space 22528K, 0% used [0x00000000e2d00000,0x00000000e2d00000,0x00000000e4300000)
  from space 3584K, 99% used [0x00000000e4300000,0x00000000e467c010,0x00000000e4680000)
  to   space 3584K, 0% used [0x00000000e5c80000,0x00000000e5c80000,0x00000000e6000000)
 ParOldGen       total 60416K, used 5117K [0x00000000a8600000, 0x00000000ac100000, 0x00000000e2d00000)
  object space 60416K, 8% used [0x00000000a8600000,0x00000000a8aff4f8,0x00000000ac100000)
 Metaspace       used 17565K, capacity 17824K, committed 18176K, reserved 1064960K
  class space    used 2114K, capacity 2186K, committed 2304K, reserved 1048576K
}
Event: 6.683 GC heap before
{Heap before GC invocations=4 (full 0):
 PSYoungGen      total 26112K, used 24823K [0x00000000e2d00000, 0x00000000e6000000, 0x0000000100000000)
  eden space 22528K, 94% used [0x00000000e2d00000,0x00000000e41c1fc8,0x00000000e4300000)
  from space 3584K, 99% used [0x00000000e4300000,0x00000000e467c010,0x00000000e4680000)
  to   space 3584K, 0% used [0x00000000e5c80000,0x00000000e5c80000,0x00000000e6000000)
 ParOldGen       total 60416K, used 5117K [0x00000000a8600000, 0x00000000ac100000, 0x00000000e2d00000)
  object space 60416K, 8% used [0x00000000a8600000,0x00000000a8aff4f8,0x00000000ac100000)
 Metaspace       used 20827K, capacity 21056K, committed 21296K, reserved 1069056K
  class space    used 2488K, capacity 2561K, committed 2688K, reserved 1048576K
Event: 6.722 GC heap after
Heap after GC invocations=4 (full 0):
 PSYoungGen      total 48640K, used 3568K [0x00000000e2d00000, 0x00000000e6000000, 0x0000000100000000)
  eden space 45056K, 0% used [0x00000000e2d00000,0x00000000e2d00000,0x00000000e5900000)
  from space 3584K, 99% used [0x00000000e5c80000,0x00000000e5ffc010,0x00000000e6000000)
  to   space 3584K, 0% used [0x00000000e5900000,0x00000000e5900000,0x00000000e5c80000)
 ParOldGen       total 60416K, used 8527K [0x00000000a8600000, 0x00000000ac100000, 0x00000000e2d00000)
  object space 60416K, 14% used [0x00000000a8600000,0x00000000a8e53fe8,0x00000000ac100000)
 Metaspace       used 20827K, capacity 21056K, committed 21296K, reserved 1069056K
  class space    used 2488K, capacity 2561K, committed 2688K, reserved 1048576K
}
Event: 6.722 GC heap before
{Heap before GC invocations=5 (full 1):
 PSYoungGen      total 48640K, used 3568K [0x00000000e2d00000, 0x00000000e6000000, 0x0000000100000000)
  eden space 45056K, 0% used [0x00000000e2d00000,0x00000000e2d00000,0x00000000e5900000)
  from space 3584K, 99% used [0x00000000e5c80000,0x00000000e5ffc010,0x00000000e6000000)
  to   space 3584K, 0% used [0x00000000e5900000,0x00000000e5900000,0x00000000e5c80000)
 ParOldGen       total 60416K, used 8527K [0x00000000a8600000, 0x00000000ac100000, 0x00000000e2d00000)
  object space 60416K, 14% used [0x00000000a8600000,0x00000000a8e53fe8,0x00000000ac100000)
 Metaspace       used 20827K, capacity 21056K, committed 21296K, reserved 1069056K
  class space    used 2488K, capacity 2561K, committed 2688K, reserved 1048576K

Deoptimization events (10 events):
Event: 6.630 Thread 0x0000000059d95800 Uncommon trap: reason=range_check action=none pc=0x000000000282e74c method=sun.reflect.generics.parser.SignatureParser.current()C @ 34
Event: 6.633 Thread 0x0000000059d95800 Uncommon trap: reason=range_check action=none pc=0x000000000282e74c method=sun.reflect.generics.parser.SignatureParser.current()C @ 34
Event: 6.636 Thread 0x0000000059d95800 Uncommon trap: reason=range_check action=none pc=0x000000000282e74c method=sun.reflect.generics.parser.SignatureParser.current()C @ 34
Event: 6.649 Thread 0x0000000059d95800 Uncommon trap: reason=range_check action=none pc=0x000000000282e74c method=sun.reflect.generics.parser.SignatureParser.current()C @ 34
Event: 6.657 Thread 0x0000000059d95800 Uncommon trap: reason=range_check action=none pc=0x000000000282e74c method=sun.reflect.generics.parser.SignatureParser.current()C @ 34
Event: 6.668 Thread 0x0000000059d95800 Uncommon trap: reason=range_check action=none pc=0x000000000282e74c method=sun.reflect.generics.parser.SignatureParser.current()C @ 34
Event: 6.673 Thread 0x0000000059d95800 Uncommon trap: reason=range_check action=none pc=0x000000000282e74c method=sun.reflect.generics.parser.SignatureParser.current()C @ 34
Event: 6.676 Thread 0x0000000059d95800 Uncommon trap: reason=range_check action=none pc=0x000000000282e74c method=sun.reflect.generics.parser.SignatureParser.current()C @ 34
Event: 6.679 Thread 0x0000000059d95800 Uncommon trap: reason=range_check action=none pc=0x000000000282e74c method=sun.reflect.generics.parser.SignatureParser.current()C @ 34
Event: 6.682 Thread 0x0000000059d95800 Uncommon trap: reason=range_check action=none pc=0x000000000282e74c method=sun.reflect.generics.parser.SignatureParser.current()C @ 34

Internal exceptions (10 events):
Event: 6.630 Thread 0x0000000059d95800 Exception <a 'java/lang/ArrayIndexOutOfBoundsException': 110> (0x00000000e40c4b78) thrown at [C:\re\workspace\8-2-build-windows-amd64-cygwin\jdk8u131\8869\hotspot\src\share\vm\interpreter\interpreterRuntime.cpp, line 366]
Event: 6.633 Thread 0x0000000059d95800 Exception <a 'java/lang/ArrayIndexOutOfBoundsException': 110> (0x00000000e40cc8a8) thrown at [C:\re\workspace\8-2-build-windows-amd64-cygwin\jdk8u131\8869\hotspot\src\share\vm\interpreter\interpreterRuntime.cpp, line 366]
Event: 6.636 Thread 0x0000000059d95800 Exception <a 'java/lang/ArrayIndexOutOfBoundsException': 106> (0x00000000e4122c58) thrown at [C:\re\workspace\8-2-build-windows-amd64-cygwin\jdk8u131\8869\hotspot\src\share\vm\interpreter\interpreterRuntime.cpp, line 366]
Event: 6.649 Thread 0x0000000059d95800 Exception <a 'java/lang/ArrayIndexOutOfBoundsException': 110> (0x00000000e412aa30) thrown at [C:\re\workspace\8-2-build-windows-amd64-cygwin\jdk8u131\8869\hotspot\src\share\vm\interpreter\interpreterRuntime.cpp, line 366]
Event: 6.657 Thread 0x0000000059d95800 Exception <a 'java/lang/ArrayIndexOutOfBoundsException': 120> (0x00000000e41332a8) thrown at [C:\re\workspace\8-2-build-windows-amd64-cygwin\jdk8u131\8869\hotspot\src\share\vm\interpreter\interpreterRuntime.cpp, line 366]
Event: 6.668 Thread 0x0000000059d95800 Exception <a 'java/lang/ArrayIndexOutOfBoundsException': 120> (0x00000000e413bf60) thrown at [C:\re\workspace\8-2-build-windows-amd64-cygwin\jdk8u131\8869\hotspot\src\share\vm\interpreter\interpreterRuntime.cpp, line 366]
Event: 6.673 Thread 0x0000000059d95800 Exception <a 'java/lang/ArrayIndexOutOfBoundsException': 120> (0x00000000e4144a78) thrown at [C:\re\workspace\8-2-build-windows-amd64-cygwin\jdk8u131\8869\hotspot\src\share\vm\interpreter\interpreterRuntime.cpp, line 366]
Event: 6.676 Thread 0x0000000059d95800 Exception <a 'java/lang/ArrayIndexOutOfBoundsException': 120> (0x00000000e419ba30) thrown at [C:\re\workspace\8-2-build-windows-amd64-cygwin\jdk8u131\8869\hotspot\src\share\vm\interpreter\interpreterRuntime.cpp, line 366]
Event: 6.679 Thread 0x0000000059d95800 Exception <a 'java/lang/ArrayIndexOutOfBoundsException': 124> (0x00000000e41a4668) thrown at [C:\re\workspace\8-2-build-windows-amd64-cygwin\jdk8u131\8869\hotspot\src\share\vm\interpreter\interpreterRuntime.cpp, line 366]
Event: 6.682 Thread 0x0000000059d95800 Exception <a 'java/lang/ArrayIndexOutOfBoundsException': 125> (0x00000000e41ad2d8) thrown at [C:\re\workspace\8-2-build-windows-amd64-cygwin\jdk8u131\8869\hotspot\src\share\vm\interpreter\interpreterRuntime.cpp, line 366]

Events (10 events):
Event: 6.680 Thread 0x0000000059d95800 DEOPT UNPACKING pc=0x00000000025a787f sp=0x000000005a7ddd70 mode 1
Event: 6.680 Thread 0x0000000059d95800 DEOPT PACKING pc=0x0000000002763254 sp=0x000000005a7de0e0
Event: 6.680 Thread 0x0000000059d95800 DEOPT UNPACKING pc=0x00000000025a787f sp=0x000000005a7ddf00 mode 1
Event: 6.681 Thread 0x0000000059d95800 Uncommon trap: trap_request=0xffffffe7 fr.pc=0x000000000282e74c
Event: 6.682 Thread 0x0000000059d95800 DEOPT PACKING pc=0x000000000282e74c sp=0x000000005a7ded80
Event: 6.682 Thread 0x0000000059d95800 DEOPT UNPACKING pc=0x00000000025a582a sp=0x000000005a7ded18 mode 2
Event: 6.682 loading class java/time/OffsetDateTime
Event: 6.683 Thread 0x0000000001d4b000 DEOPT PACKING pc=0x00000000027fa871 sp=0x000000000228e960
Event: 6.683 Executing VM operation: CollectForMetadataAllocation
Event: 6.683 Thread 0x0000000001d4b000 DEOPT UNPACKING pc=0x00000000025a787f sp=0x000000000228e6b0 mode 1


Dynamic libraries:
0x000000013fe50000 - 0x000000013fe87000 	C:\Program Files\Java\jdk1.8.0_131\bin\javaw.exe
0x00000000777f0000 - 0x0000000077999000 	C:\Windows\SYSTEM32\ntdll.dll
0x00000000776d0000 - 0x00000000777ef000 	C:\Windows\system32\kernel32.dll
0x000007fefd7f0000 - 0x000007fefd85b000 	C:\Windows\system32\KERNELBASE.dll
0x000007feff4b0000 - 0x000007feff58b000 	C:\Windows\system32\ADVAPI32.dll
0x000007feff8d0000 - 0x000007feff96f000 	C:\Windows\system32\msvcrt.dll
0x000007fefdb10000 - 0x000007fefdb2f000 	C:\Windows\SYSTEM32\sechost.dll
0x000007feff2a0000 - 0x000007feff3cd000 	C:\Windows\system32\RPCRT4.dll
0x00000000775d0000 - 0x00000000776ca000 	C:\Windows\system32\USER32.dll
0x000007fefe150000 - 0x000007fefe1b7000 	C:\Windows\system32\GDI32.dll
0x000007feff970000 - 0x000007feff97e000 	C:\Windows\system32\LPK.dll
0x000007fefe260000 - 0x000007fefe329000 	C:\Windows\system32\USP10.dll
0x000007fefb0c0000 - 0x000007fefb2b4000 	C:\Windows\WinSxS\amd64_microsoft.windows.common-controls_6595b64144ccf1df_6.0.7601.17514_none_fa396087175ac9ac\COMCTL32.dll
0x000007feff430000 - 0x000007feff4a1000 	C:\Windows\system32\SHLWAPI.dll
0x000007feff1d0000 - 0x000007feff1fe000 	C:\Windows\system32\IMM32.DLL
0x000007fefe330000 - 0x000007fefe439000 	C:\Windows\system32\MSCTF.dll
0x0000000075380000 - 0x0000000075452000 	C:\Program Files\Java\jdk1.8.0_131\jre\bin\msvcr100.dll
0x00000000744b0000 - 0x0000000074d4c000 	C:\Program Files\Java\jdk1.8.0_131\jre\bin\server\jvm.dll
0x000007fef9cc0000 - 0x000007fef9cc9000 	C:\Windows\system32\WSOCK32.dll
0x000007fefdb50000 - 0x000007fefdb9d000 	C:\Windows\system32\WS2_32.dll
0x000007fefdba0000 - 0x000007fefdba8000 	C:\Windows\system32\NSI.dll
0x000007fefd0d0000 - 0x000007fefd10b000 	C:\Windows\system32\WINMM.dll
0x000007fefc820000 - 0x000007fefc82c000 	C:\Windows\system32\VERSION.dll
0x00000000779b0000 - 0x00000000779b7000 	C:\Windows\system32\PSAPI.DLL
0x0000000075370000 - 0x000000007537f000 	C:\Program Files\Java\jdk1.8.0_131\jre\bin\verify.dll
0x0000000075340000 - 0x0000000075369000 	C:\Program Files\Java\jdk1.8.0_131\jre\bin\java.dll
0x0000000070860000 - 0x0000000070895000 	C:\Program Files\Java\jdk1.8.0_131\jre\bin\jdwp.dll
0x0000000070850000 - 0x0000000070858000 	C:\Program Files\Java\jdk1.8.0_131\jre\bin\npt.dll
0x0000000075320000 - 0x0000000075336000 	C:\Program Files\Java\jdk1.8.0_131\jre\bin\zip.dll
0x000007fefe440000 - 0x000007feff1c8000 	C:\Windows\system32\SHELL32.dll
0x000007fefdf40000 - 0x000007fefe143000 	C:\Windows\system32\ole32.dll
0x000007fefd740000 - 0x000007fefd74f000 	C:\Windows\system32\profapi.dll
0x0000000070840000 - 0x0000000070849000 	C:\Program Files\Java\jdk1.8.0_131\jre\bin\dt_socket.dll
0x000007fefbfe0000 - 0x000007fefbff5000 	C:\Windows\system32\NLAapi.dll
0x000007fef8760000 - 0x000007fef8775000 	C:\Windows\system32\napinsp.dll
0x000007fef8740000 - 0x000007fef8759000 	C:\Windows\system32\pnrpnsp.dll
0x000007fef85a0000 - 0x000007fef85b0000 	C:\Windows\system32\wshbth.dll
0x000007fefcef0000 - 0x000007fefcf45000 	C:\Windows\System32\mswsock.dll
0x000007fefcd70000 - 0x000007fefcdcb000 	C:\Windows\system32\DNSAPI.dll
0x000007fef8590000 - 0x000007fef859b000 	C:\Windows\System32\winrnr.dll
0x000007fefbe00000 - 0x000007fefbe27000 	C:\Windows\system32\IPHLPAPI.DLL
0x000007fefbde0000 - 0x000007fefbdeb000 	C:\Windows\system32\WINNSI.DLL
0x000007fefbc90000 - 0x000007fefbce3000 	C:\Windows\System32\fwpuclnt.dll
0x000007fefa750000 - 0x000007fefa758000 	C:\Windows\system32\rasadhlp.dll
0x000007fefc8f0000 - 0x000007fefc8f7000 	C:\Windows\System32\wshtcpip.dll
0x0000000070830000 - 0x000000007083d000 	C:\Program Files\Java\jdk1.8.0_131\jre\bin\management.dll
0x0000000075300000 - 0x000000007531a000 	C:\Program Files\Java\jdk1.8.0_131\jre\bin\net.dll
0x000007fefcee0000 - 0x000007fefcee7000 	C:\Windows\System32\wship6.dll
0x00000000752e0000 - 0x00000000752f1000 	C:\Program Files\Java\jdk1.8.0_131\jre\bin\nio.dll
0x000007fefcf50000 - 0x000007fefcf67000 	C:\Windows\system32\CRYPTSP.dll
0x000007fefcc50000 - 0x000007fefcc97000 	C:\Windows\system32\rsaenh.dll
0x000007fefca10000 - 0x000007fefca2e000 	C:\Windows\system32\USERENV.dll
0x000007fefd670000 - 0x000007fefd67f000 	C:\Windows\system32\CRYPTBASE.dll
0x000007fefbbf0000 - 0x000007fefbc08000 	C:\Windows\system32\dhcpcsvc.DLL
0x000007fefbbd0000 - 0x000007fefbbe1000 	C:\Windows\system32\dhcpcsvc6.DLL
0x000007fef79b0000 - 0x000007fef7ad5000 	C:\Windows\system32\dbghelp.dll

VM Arguments:
jvm_args: -agentlib:jdwp=transport=dt_socket,suspend=y,address=localhost:52528 -Dcom.sun.management.jmxremote -Dcom.sun.management.jmxremote.port=52527 -Dcom.sun.management.jmxremote.authenticate=false -Dcom.sun.management.jmxremote.ssl=false -Djava.rmi.server.hostname=localhost -Dspring.liveBeansView.mbeanDomain -Dspring.application.admin.enabled=true -Dfile.encoding=UTF-8 
java_command: com.felipe.silva.rota.Application
java_class_path (initial): C:\Users\Felipe\Desktop\Trixlog\workspace\ModuloDeRota\target\classes;C:\Users\Felipe\.m2\repository\org\springframework\boot\spring-boot-starter-data-mongodb\1.5.4.RELEASE\spring-boot-starter-data-mongodb-1.5.4.RELEASE.jar;C:\Users\Felipe\.m2\repository\org\springframework\boot\spring-boot-starter\1.5.4.RELEASE\spring-boot-starter-1.5.4.RELEASE.jar;C:\Users\Felipe\.m2\repository\org\springframework\boot\spring-boot\1.5.4.RELEASE\spring-boot-1.5.4.RELEASE.jar;C:\Users\Felipe\.m2\repository\org\springframework\boot\spring-boot-autoconfigure\1.5.4.RELEASE\spring-boot-autoconfigure-1.5.4.RELEASE.jar;C:\Users\Felipe\.m2\repository\org\springframework\boot\spring-boot-starter-logging\1.5.4.RELEASE\spring-boot-starter-logging-1.5.4.RELEASE.jar;C:\Users\Felipe\.m2\repository\ch\qos\logback\logback-classic\1.1.11\logback-classic-1.1.11.jar;C:\Users\Felipe\.m2\repository\ch\qos\logback\logback-core\1.1.11\logback-core-1.1.11.jar;C:\Users\Felipe\.m2\repository\org\slf4j\jul-to-slf4j\1.7.25\jul-to-slf4j-1.7.25.jar;C:\Users\Felipe\.m2\repository\org\slf4j\log4j-over-slf4j\1.7.25\log4j-over-slf4j-1.7.25.jar;C:\Users\Felipe\.m2\repository\org\yaml\snakeyaml\1.17\snakeyaml-1.17.jar;C:\Users\Felipe\.m2\repository\org\mongodb\mongodb-driver\3.4.2\mongodb-driver-3.4.2.jar;C:\Users\Felipe\.m2\repository\org\mongodb\bson\3.4.2\bson-3.4.2.jar;C:\Users\Felipe\.m2\repository\org\mongodb\mongodb-driver-core\3.4.2\mongodb-driver-core-3.4.2.jar;C:\Users\Felipe\.m2\repository\org\springframework\data\spring-data-mongodb\1.10.4.RELEASE\spring-data-mongodb-1.10.4.RELEASE.jar;C:\Users\Felipe\.m2\repository\org\springframework\spring-tx\4.3.9.RELEASE\spring-tx-4.3.9.RELEASE.jar;C:\Users\Felipe\.m2\repository\org\springframework\spring-context\4.3.9.RELEASE\spring-context-4.3.9.RELEASE.jar;C:\Users\Felipe\.m2\repository\org\springframework\spring-beans\4.3.9.RELEASE\spring-beans-4.3.9.RELEASE.jar;C:\Users\Felipe\.m2\repository\org\springframework\spring-expression\4.3.
Launcher Type: SUN_STANDARD

Environment Variables:
JAVA_HOME=C:\Program Files\Java\jdk1.8.0_131
CLASSPATH=C:\Program Files\Java\jdk1.8.0_131\lib;
PATH=C:\Program Files\Java\jdk1.8.0_131\jre\bin;C:/Program Files/Java/jdk1.8.0_131/bin/../jre/bin/server;C:/Program Files/Java/jdk1.8.0_131/bin/../jre/bin;C:/Program Files/Java/jdk1.8.0_131/bin/../jre/lib/amd64;C:\Windows\system32;C:\Windows;C:\Windows\System32\Wbem;C:\Windows\System32\WindowsPowerShell\v1.0\;C:\Program Files\Java\jdk1.8.0_131\bin;C:\Program Files\Git\cmd;C:\Program Files\MongoDB\Server\3.4\bin;;C:\Users\Felipe\Desktop\Trixlog\eclipse;
USERNAME=Felipe
OS=Windows_NT
PROCESSOR_IDENTIFIER=Intel64 Family 6 Model 42 Stepping 7, GenuineIntel



---------------  S Y S T E M  ---------------

OS: Windows 7 , 64 bit Build 7601 (6.1.7601.17514)

CPU:total 4 (initial active 4) (2 cores per cpu, 2 threads per core) family 6 model 42 stepping 7, cmov, cx8, fxsr, mmx, sse, sse2, sse3, ssse3, sse4.1, sse4.2, popcnt, avx, aes, clmul, ht, tsc, tscinvbit

Memory: 4k page, physical 5740236k(2756856k free), swap 11478624k(8062712k free)

vm_info: Java HotSpot(TM) 64-Bit Server VM (25.131-b11) for windows-amd64 JRE (1.8.0_131-b11), built on Mar 15 2017 01:23:53 by "java_re" with MS VC++ 10.0 (VS2010)

time: Sat Jul 01 20:03:14 2017
elapsed time: 6 seconds (0d 0h 0m 6s)

